 2026-05-07 16:25:51,137 | INFO | main | Admin Already Exists!!! 
 2026-05-07 16:25:55,521 | INFO | main | Admin Already Exists!!! 
 2026-05-07 16:26:00,711 | INFO | main | Admin Already Exists!!! 
 2026-05-07 16:26:03,385 | INFO | main | Admin Already Exists!!! 
 2026-05-07 16:29:49,255 | INFO | main | Admin Already Exists!!! 
 2026-05-07 16:30:37,441 | INFO | main | Admin Already Exists!!! 
 2026-05-07 16:31:06,898 | INFO | main | Admin Already Exists!!! 
 2026-05-07 16:32:00,399 | INFO | main | Admin Already Exists!!! 
 2026-05-07 16:32:07,300 | INFO | main | Admin Already Exists!!! 
 2026-05-07 16:32:20,148 | INFO | main | Admin Already Exists!!! 
 2026-05-07 16:32:43,302 | INFO | main | Admin Already Exists!!! 
 2026-05-07 16:32:51,130 | INFO | main | Admin Already Exists!!! 
 2026-05-07 16:32:55,215 | INFO | main | Admin Already Exists!!! 
 2026-05-07 16:33:47,323 | INFO | main | Admin Already Exists!!! 
 2026-05-07 16:33:50,530 | INFO | main | Admin Already Exists!!! 
 2026-05-07 16:52:57,965 | INFO | main | Admin Already Exists!!! 
 2026-05-07 16:53:11,734 | INFO | src.repository.user | Fetching User with email : amoghshukla1616@gmail.com 
 2026-05-07 16:53:36,854 | INFO | src.router.resource | Updating the price of resource with Resource DI : 6a56e937-849d-41c6-bc92-915f224bdfff 
 2026-05-07 16:55:54,645 | INFO | main | Admin Already Exists!!! 
 2026-05-07 16:56:36,665 | INFO | src.repository.user | Fetching User with email : amoghshukla1616@gmail.com 
 2026-05-07 16:56:43,495 | INFO | src.repository.user | Fetching User with email : amoghshukla1616@gmail.com 
 2026-05-07 16:56:51,691 | INFO | src.router.resource | Updating the price of resource with Resource DI : 6a56e937-849d-41c6-bc92-915f224bdfff 
 2026-05-07 16:57:34,229 | INFO | main | Admin Already Exists!!! 
 2026-05-07 16:57:37,473 | INFO | main | Admin Already Exists!!! 
 2026-05-07 16:57:50,686 | INFO | src.router.resource | Updating the price of resource with Resource DI : 6a56e937-849d-41c6-bc92-915f224bdfff 
 2026-05-07 16:58:26,337 | INFO | main | Admin Already Exists!!! 
 2026-05-07 16:58:30,471 | INFO | main | Admin Already Exists!!! 
 2026-05-07 16:58:32,144 | INFO | main | Admin Already Exists!!! 
 2026-05-07 16:58:36,421 | INFO | src.router.resource | Updating the price of resource with Resource DI : 6a56e937-849d-41c6-bc92-915f224bdfff 
 2026-05-07 16:58:58,415 | INFO | main | Admin Already Exists!!! 
 2026-05-07 16:59:03,505 | INFO | main | Admin Already Exists!!! 
 2026-05-07 16:59:03,553 | INFO | main | Admin Already Exists!!! 
 2026-05-07 16:59:20,401 | INFO | main | Admin Already Exists!!! 
 2026-05-07 16:59:23,253 | INFO | main | Admin Already Exists!!! 
 2026-05-07 16:59:45,329 | INFO | main | Admin Already Exists!!! 
 2026-05-07 16:59:51,777 | INFO | main | Admin Already Exists!!! 
 2026-05-07 16:59:53,265 | INFO | main | Admin Already Exists!!! 
 2026-05-07 16:59:59,217 | INFO | main | Admin Already Exists!!! 
 2026-05-07 17:00:04,528 | INFO | main | Admin Already Exists!!! 
 2026-05-07 17:00:07,062 | INFO | main | Admin Already Exists!!! 
 2026-05-07 17:00:11,189 | INFO | main | Admin Already Exists!!! 
 2026-05-07 17:00:14,056 | INFO | main | Admin Already Exists!!! 
 2026-05-07 17:01:21,929 | INFO | main | Admin Already Exists!!! 
 2026-05-07 17:01:37,296 | INFO | main | Admin Already Exists!!! 
 2026-05-07 17:01:45,099 | INFO | main | Admin Already Exists!!! 
 2026-05-07 17:01:46,453 | INFO | main | Admin Already Exists!!! 
 2026-05-07 17:01:54,106 | INFO | main | Admin Already Exists!!! 
 2026-05-07 17:02:00,079 | INFO | main | Admin Already Exists!!! 
 2026-05-07 17:03:39,685 | INFO | main | Admin Already Exists!!! 
 2026-05-07 17:03:41,713 | INFO | main | Admin Already Exists!!! 
 2026-05-07 17:03:46,277 | INFO | main | Admin Already Exists!!! 
 2026-05-07 17:03:48,747 | INFO | main | Admin Already Exists!!! 
 2026-05-07 17:04:00,553 | INFO | main | Admin Already Exists!!! 
 2026-05-07 17:04:04,430 | INFO | main | Admin Already Exists!!! 
 2026-05-07 17:04:04,467 | INFO | src.router.resource | Updating the price of resource with Resource DI : 6a56e937-849d-41c6-bc92-915f224bdfff 
 2026-05-07 17:04:04,823 | INFO | main | Admin Already Exists!!! 
 2026-05-07 17:04:12,710 | INFO | main | Admin Already Exists!!! 
 2026-05-07 17:04:26,029 | INFO | main | Admin Already Exists!!! 
 2026-05-07 17:04:26,072 | INFO | src.router.resource | Updating the price of resource with Resource DI : 6a56e937-849d-41c6-bc92-915f224bdfff 
 2026-05-07 17:04:30,655 | INFO | main | Admin Already Exists!!! 
 2026-05-07 17:06:10,528 | INFO | main | Admin Already Exists!!! 
 2026-05-07 17:06:15,866 | INFO | main | Admin Already Exists!!! 
 2026-05-07 17:06:18,213 | INFO | main | Admin Already Exists!!! 
 2026-05-07 17:09:18,957 | INFO | main | Admin Already Exists!!! 
 2026-05-07 17:09:22,730 | INFO | main | Admin Already Exists!!! 
 2026-05-07 17:09:26,470 | INFO | src.router.resource | Updating the price of resource with Resource DI : 6a56e937-849d-41c6-bc92-915f224bdfff 
 2026-05-07 17:10:42,644 | INFO | main | Admin Already Exists!!! 
 2026-05-07 17:10:42,773 | INFO | src.router.resource | Updating the price of resource with Resource DI : 6a56e937-849d-41c6-bc92-915f224bdfff 
 2026-05-07 17:11:13,721 | INFO | main | Admin Already Exists!!! 
 2026-05-07 17:11:19,777 | INFO | main | Admin Already Exists!!! 
 2026-05-07 17:11:22,773 | INFO | main | Admin Already Exists!!! 
 2026-05-07 17:11:30,305 | INFO | main | Admin Already Exists!!! 
 2026-05-07 17:11:30,333 | INFO | src.router.resource | Updating the price of resource with Resource DI : 6a56e937-849d-41c6-bc92-915f224bdfff 
 2026-05-07 17:11:54,898 | INFO | main | Admin Already Exists!!! 
 2026-05-07 17:11:58,012 | INFO | main | Admin Already Exists!!! 
 2026-05-07 17:11:58,037 | INFO | src.router.resource | Updating the price of resource with Resource DI : 6a56e937-849d-41c6-bc92-915f224bdfff 
 2026-05-07 17:12:06,939 | INFO | main | Admin Already Exists!!! 
 2026-05-07 17:13:37,302 | INFO | main | Admin Already Exists!!! 
 2026-05-07 17:13:42,901 | INFO | main | Admin Already Exists!!! 
 2026-05-07 17:13:45,744 | INFO | src.router.resource | Updating the price of resource with Resource DI : 6a56e937-849d-41c6-bc92-915f224bdfff 
 2026-05-07 17:14:28,321 | INFO | main | Admin Already Exists!!! 
 2026-05-07 17:14:31,761 | INFO | main | Admin Already Exists!!! 
 2026-05-07 17:14:31,789 | INFO | src.router.resource | Updating the price of resource with Resource DI : 6a56e937-849d-41c6-bc92-915f224bdfff 
 2026-05-07 17:21:30,284 | INFO | main | Admin Already Exists!!! 
 2026-05-07 17:22:11,516 | INFO | main | Admin Already Exists!!! 
 2026-05-07 17:22:15,760 | INFO | main | Admin Already Exists!!! 
 2026-05-07 17:22:20,075 | INFO | main | Admin Already Exists!!! 
 2026-05-07 17:22:24,520 | INFO | main | Admin Already Exists!!! 
 2026-05-07 17:22:28,151 | INFO | main | Admin Already Exists!!! 
 2026-05-07 17:22:37,650 | INFO | main | Admin Already Exists!!! 
 2026-05-07 17:22:40,894 | INFO | main | Admin Already Exists!!! 
 2026-05-07 17:22:44,378 | INFO | src.router.resource | Updating the price of resource with Resource DI : 6a56e937-849d-41c6-bc92-915f224bdfff 
 2026-05-07 17:25:16,938 | INFO | main | Admin Already Exists!!! 
 2026-05-07 17:26:52,835 | INFO | main | Admin Already Exists!!! 
 2026-05-07 17:26:55,676 | INFO | main | Admin Already Exists!!! 
 2026-05-07 17:27:56,798 | INFO | main | Admin Already Exists!!! 
 2026-05-07 17:28:04,127 | INFO | main | Admin Already Exists!!! 
 2026-05-07 17:28:10,256 | INFO | main | Admin Already Exists!!! 
 2026-05-07 17:28:18,200 | INFO | main | Admin Already Exists!!! 
 2026-05-07 17:28:25,065 | INFO | main | Admin Already Exists!!! 
 2026-05-07 17:28:28,485 | INFO | main | Admin Already Exists!!! 
 2026-05-07 17:28:31,195 | INFO | main | Admin Already Exists!!! 
 2026-05-07 17:29:06,460 | INFO | main | Admin Already Exists!!! 
 2026-05-07 17:30:06,097 | INFO | main | Admin Already Exists!!! 
 2026-05-07 17:30:11,963 | INFO | main | Admin Already Exists!!! 
 2026-05-07 17:30:21,027 | INFO | main | Admin Already Exists!!! 
 2026-05-07 17:30:24,592 | INFO | main | Admin Already Exists!!! 
 2026-05-07 17:30:39,816 | INFO | main | Admin Already Exists!!! 
 2026-05-07 17:30:42,584 | INFO | main | Admin Already Exists!!! 
 2026-05-07 17:30:58,030 | INFO | src.repository.user | Fetching User with email : amoghshukla1616@gmail.com 
 2026-05-07 17:32:00,849 | INFO | src.repository.user | Fetching User with email : amoghshukla1616@gmail.com 
 2026-05-07 17:32:14,833 | INFO | src.router.resource | Updating the price of resource with Resource DI : 6a56e937-849d-41c6-bc92-915f224bdfff 
 2026-05-07 17:33:12,428 | INFO | main | Admin Already Exists!!! 
 2026-05-07 17:33:12,456 | INFO | src.router.resource | Updating the price of resource with Resource DI : 6a56e937-849d-41c6-bc92-915f224bdfff 
 2026-05-07 17:33:33,871 | INFO | main | Admin Already Exists!!! 
 2026-05-07 17:33:33,896 | INFO | src.router.resource | Updating the price of resource with Resource DI : 6a56e937-849d-41c6-bc92-915f224bdfff 
 2026-05-07 17:34:10,188 | INFO | main | Admin Already Exists!!! 
 2026-05-07 17:34:10,224 | INFO | src.router.resource | Updating the price of resource with Resource DI : 6a56e937-849d-41c6-bc92-915f224bdfff 
 2026-05-08 10:12:03,100 | INFO | main | Admin Already Exists!!! 
 2026-05-08 10:14:10,714 | INFO | src.repository.user | Fetching User with email : hamza@example.com 
 2026-05-08 10:15:33,514 | INFO | src.router.workspace | Getting workspace with location : VimanNagar 
 2026-05-08 10:22:18,473 | INFO | main | Admin Already Exists!!! 
 2026-05-08 10:22:22,886 | INFO | main | Admin Already Exists!!! 
 2026-05-08 10:22:27,130 | INFO | main | Admin Already Exists!!! 
 2026-05-08 10:22:30,795 | INFO | main | Admin Already Exists!!! 
 2026-05-08 10:22:34,098 | INFO | main | Admin Already Exists!!! 
 2026-05-08 10:22:37,541 | INFO | main | Admin Already Exists!!! 
 2026-05-08 10:22:40,578 | INFO | main | Admin Already Exists!!! 
 2026-05-08 10:22:45,248 | INFO | main | Admin Already Exists!!! 
 2026-05-08 10:22:49,386 | INFO | main | Admin Already Exists!!! 
 2026-05-08 10:22:52,744 | INFO | main | Admin Already Exists!!! 
 2026-05-08 10:23:25,876 | INFO | main | Admin Already Exists!!! 
 2026-05-08 10:23:39,885 | INFO | main | Admin Already Exists!!! 
 2026-05-08 10:23:43,128 | INFO | main | Admin Already Exists!!! 
 2026-05-08 10:24:04,234 | INFO | main | Admin Already Exists!!! 
 2026-05-08 10:24:09,117 | INFO | main | Admin Already Exists!!! 
 2026-05-08 10:24:13,746 | INFO | main | Admin Already Exists!!! 
 2026-05-08 10:24:16,574 | INFO | main | Admin Already Exists!!! 
 2026-05-08 10:24:44,380 | INFO | main | Admin Already Exists!!! 
 2026-05-08 10:24:55,716 | INFO | main | Admin Already Exists!!! 
 2026-05-08 10:24:59,641 | INFO | main | Admin Already Exists!!! 
 2026-05-08 10:25:02,829 | INFO | main | Admin Already Exists!!! 
 2026-05-08 10:25:17,877 | INFO | main | Admin Already Exists!!! 
 2026-05-08 10:25:23,991 | INFO | main | Admin Already Exists!!! 
 2026-05-08 10:25:31,550 | INFO | main | Admin Already Exists!!! 
 2026-05-08 10:26:08,913 | INFO | main | Admin Already Exists!!! 
 2026-05-08 10:26:12,421 | INFO | main | Admin Already Exists!!! 
 2026-05-08 10:26:19,095 | INFO | main | Admin Already Exists!!! 
 2026-05-08 10:26:25,657 | INFO | main | Admin Already Exists!!! 
 2026-05-08 10:27:19,708 | INFO | main | Admin Already Exists!!! 
 2026-05-08 10:27:23,082 | INFO | main | Admin Already Exists!!! 
 2026-05-08 10:27:25,931 | INFO | main | Admin Already Exists!!! 
 2026-05-08 10:28:26,374 | INFO | src.router.workspace | Getting all workspaces 
 2026-05-08 10:28:51,046 | INFO | src.repository.user | Fetching User with email : amoghshukla1616@gmail.com 
 2026-05-08 10:28:55,023 | INFO | src.router.workspace | Getting all workspaces 
 2026-05-08 10:29:02,327 | INFO | src.router.workspace | Deleting Workspace with id : 43e4dd4f-1803-41bb-9150-04edc4f9d0bc 
 2026-05-08 10:29:25,472 | INFO | main | Admin Already Exists!!! 
 2026-05-08 10:29:33,129 | INFO | src.router.workspace | Deleting Workspace with id : 43e4dd4f-1803-41bb-9150-04edc4f9d0bc 
 2026-05-08 10:29:33,148 | ERROR | src.router.workspace | Error while Deleting Workspace with id : 43e4dd4f-1803-41bb-9150-04edc4f9d0bc 
 2026-05-08 10:30:00,904 | INFO | src.router.workspace | Getting all workspaces 
 2026-05-08 10:30:08,091 | INFO | src.router.workspace | Deleting Workspace with id : fedc1857-af1d-437f-a1df-65277eaa146b 
 2026-05-08 10:31:52,758 | INFO | src.router.workspace | Creating workspace with Payload : workspace_name='Gaia' workspace_location='pune' workspace_manager_id=UUID('e7c96680-805a-48cd-a24b-58bab5fc8cfe') 
 2026-05-08 10:33:32,218 | INFO | main | Admin Already Exists!!! 
 2026-05-08 10:33:37,000 | INFO | src.router.workspace | Creating workspace with Payload : workspace_name='Gaia' workspace_location='pune' workspace_manager_id=UUID('e7c96680-805a-48cd-a24b-58bab5fc8cfe') 
 2026-05-08 10:36:06,067 | INFO | main | Admin Already Exists!!! 
 2026-05-08 10:36:18,657 | INFO | main | Admin Already Exists!!! 
 2026-05-08 10:37:34,274 | INFO | main | Admin Already Exists!!! 
 2026-05-08 10:37:37,212 | INFO | main | Admin Already Exists!!! 
 2026-05-08 10:37:44,948 | INFO | main | Admin Already Exists!!! 
 2026-05-08 10:37:48,285 | INFO | main | Admin Already Exists!!! 
 2026-05-08 10:38:23,292 | INFO | main | Admin Already Exists!!! 
 2026-05-08 10:38:33,955 | INFO | main | Admin Already Exists!!! 
 2026-05-08 10:38:45,853 | INFO | src.repository.user | Fetching User with email : amoghshukla1616@gmail.com 
 2026-05-08 10:39:12,209 | INFO | src.router.workspace | Creating workspace with Payload : workspace_name='Nyati' workspace_location='Pune' workspace_manager_id=UUID('e7c96680-805a-48cd-a24b-58bab5fc8cfe') workspace_floor_capcity=12 
 2026-05-08 10:39:51,883 | INFO | main | Admin Already Exists!!! 
 2026-05-08 10:39:54,923 | INFO | src.router.workspace | Creating workspace with Payload : workspace_name='Nyati' workspace_location='Pune' workspace_manager_id=UUID('e7c96680-805a-48cd-a24b-58bab5fc8cfe') workspace_floor_capacity=12 
 2026-05-08 10:40:12,400 | INFO | main | Admin Already Exists!!! 
 2026-05-08 10:40:16,339 | INFO | main | Admin Already Exists!!! 
 2026-05-08 10:40:16,365 | INFO | src.router.workspace | Creating workspace with Payload : workspace_name='Nyati' workspace_location='Pune' workspace_manager_id=UUID('e7c96680-805a-48cd-a24b-58bab5fc8cfe') workspace_floor_capacity=12 
 2026-05-08 10:40:16,371 | ERROR | src.router.workspace | Error while Creating workspace with Payload : workspace_name='Nyati' workspace_location='Pune' workspace_manager_id=UUID('e7c96680-805a-48cd-a24b-58bab5fc8cfe') workspace_floor_capacity=12 
 2026-05-08 10:41:47,138 | INFO | main | Admin Already Exists!!! 
 2026-05-08 10:41:54,031 | INFO | src.router.workspace | Creating workspace with Payload : workspace_name='Gaia' workspace_location='Pune' workspace_manager_id=UUID('e7c96680-805a-48cd-a24b-58bab5fc8cfe') workspace_floor_capacity=8 
 2026-05-08 10:43:51,402 | INFO | main | Admin Already Exists!!! 
 2026-05-08 10:43:55,349 | INFO | main | Admin Already Exists!!! 
 2026-05-08 10:44:13,389 | INFO | src.router.workspace | Getting workspace with Name : Gaia 
 2026-05-08 10:44:37,799 | INFO | main | Admin Already Exists!!! 
 2026-05-08 10:44:37,828 | INFO | src.router.workspace | Getting workspace with Name : Gaia 
 2026-05-08 10:44:51,986 | INFO | main | Admin Already Exists!!! 
 2026-05-08 10:46:07,678 | INFO | main | Admin Already Exists!!! 
 2026-05-08 10:46:17,726 | INFO | src.router.workspace | Getting workspace with Name : Gaia 
 2026-05-08 10:46:28,288 | INFO | src.router.workspace | Getting workspace with location : pune 
 2026-05-08 10:46:50,122 | INFO | src.router.workspace | Getting workspace with location : pune 
 2026-05-08 10:47:15,087 | INFO | src.router.workspace | Getting workspace with Name : Nyati 
 2026-05-08 10:47:22,430 | INFO | src.router.workspace | Getting workspace with location : pune 
 2026-05-08 10:47:27,821 | INFO | src.router.workspace | Getting workspace with location : pune 
 2026-05-08 10:47:30,985 | INFO | src.router.workspace | Getting workspace with location : pune 
 2026-05-08 10:47:53,621 | INFO | main | Admin Already Exists!!! 
 2026-05-08 10:47:59,958 | INFO | main | Admin Already Exists!!! 
 2026-05-08 10:48:06,254 | INFO | main | Admin Already Exists!!! 
 2026-05-08 10:48:14,076 | INFO | main | Admin Already Exists!!! 
 2026-05-08 10:48:22,962 | INFO | main | Admin Already Exists!!! 
 2026-05-08 10:48:27,057 | INFO | main | Admin Already Exists!!! 
 2026-05-08 10:48:29,683 | INFO | main | Admin Already Exists!!! 
 2026-05-08 10:48:45,645 | INFO | main | Admin Already Exists!!! 
 2026-05-08 10:48:49,143 | INFO | main | Admin Already Exists!!! 
 2026-05-08 10:48:52,159 | INFO | main | Admin Already Exists!!! 
 2026-05-08 10:48:54,936 | INFO | main | Admin Already Exists!!! 
 2026-05-08 10:49:03,196 | INFO | src.router.workspace | Getting workspace with location : pune 
 2026-05-08 10:49:21,597 | INFO | main | Admin Already Exists!!! 
 2026-05-08 10:49:24,265 | INFO | main | Admin Already Exists!!! 
 2026-05-08 10:49:24,285 | INFO | src.router.workspace | Getting workspace with location : pune 
 2026-05-08 10:49:35,920 | INFO | src.router.workspace | Getting workspace with id : 28b4b4ce-438f-4503-80da-f7b6e14de579 
 2026-05-08 10:55:35,067 | INFO | main | Admin Already Exists!!! 
 2026-05-08 14:09:54,886 | INFO | main | Admin Already Exists!!! 
 2026-05-08 14:10:33,508 | INFO | src.repository.user | Fetching User with email : amoghshukla1616@gmail.com 
 2026-05-08 14:10:33,562 | INFO | src.repository.user | Fetching User with email : amoghshukla1616@gmail.com 
 2026-05-08 14:10:40,316 | INFO | src.router.floor | Creating floor at workspace with workspace_id : 28b4b4ce-438f-4503-80da-f7b6e14de579, Floor_Auditorium_Capacity : 7, Floor_Meeting_Room_Capacity : 15 
 2026-05-08 14:11:10,484 | INFO | main | Admin Already Exists!!! 
 2026-05-08 14:11:13,305 | INFO | main | Admin Already Exists!!! 
 2026-05-08 14:12:13,289 | INFO | main | Admin Already Exists!!! 
 2026-05-08 14:12:18,171 | INFO | main | Admin Already Exists!!! 
 2026-05-08 14:12:21,620 | INFO | main | Admin Already Exists!!! 
 2026-05-08 14:12:32,448 | INFO | main | Admin Already Exists!!! 
 2026-05-08 14:13:01,693 | INFO | main | Admin Already Exists!!! 
 2026-05-08 14:13:05,108 | INFO | main | Admin Already Exists!!! 
 2026-05-08 14:13:10,710 | INFO | main | Admin Already Exists!!! 
 2026-05-08 14:13:14,055 | INFO | main | Admin Already Exists!!! 
 2026-05-08 14:13:18,174 | INFO | main | Admin Already Exists!!! 
 2026-05-08 14:14:16,756 | INFO | main | Admin Already Exists!!! 
 2026-05-08 14:14:22,593 | INFO | main | Admin Already Exists!!! 
 2026-05-08 14:14:26,451 | INFO | main | Admin Already Exists!!! 
 2026-05-08 14:15:23,508 | INFO | main | Admin Already Exists!!! 
 2026-05-08 14:15:38,882 | INFO | main | Admin Already Exists!!! 
 2026-05-08 14:15:41,815 | INFO | main | Admin Already Exists!!! 
 2026-05-08 14:15:55,658 | INFO | main | Admin Already Exists!!! 
 2026-05-08 14:16:00,382 | INFO | main | Admin Already Exists!!! 
 2026-05-08 14:16:04,808 | INFO | main | Admin Already Exists!!! 
 2026-05-08 14:16:23,410 | INFO | main | Admin Already Exists!!! 
 2026-05-08 14:17:25,999 | INFO | main | Admin Already Exists!!! 
 2026-05-08 14:17:29,416 | INFO | main | Admin Already Exists!!! 
 2026-05-08 14:17:36,072 | INFO | main | Admin Already Exists!!! 
 2026-05-08 14:17:49,222 | INFO | main | Admin Already Exists!!! 
 2026-05-08 14:17:58,533 | INFO | main | Admin Already Exists!!! 
 2026-05-08 14:18:01,635 | INFO | main | Admin Already Exists!!! 
 2026-05-08 14:18:37,876 | INFO | main | Admin Already Exists!!! 
 2026-05-08 14:19:24,592 | INFO | src.router.floor | Creating floor at workspace with workspace_id : 28b4b4ce-438f-4503-80da-f7b6e14de579, Floor_Auditorium_Capacity : 7, Floor_Meeting_Room_Capacity : 15 
 2026-05-08 14:20:03,529 | INFO | main | Admin Already Exists!!! 
 2026-05-08 14:20:03,556 | INFO | src.router.floor | Creating floor at workspace with workspace_id : 28b4b4ce-438f-4503-80da-f7b6e14de579, Floor_Auditorium_Capacity : 7, Floor_Meeting_Room_Capacity : 15 
 2026-05-08 14:20:03,568 | DEBUG | src.router.floor | Creating floor at workspace with workspace_id : 28b4b4ce-438f-4503-80da-f7b6e14de579, Floor_Auditorium_Capacity : 7, Floor_Meeting_Room_Capacity : 15 
 2026-05-08 14:21:07,051 | INFO | src.router.floor | Creating floor at workspace with workspace_id : 28b4b4ce-438f-4503-80da-f7b6e14de579, Floor_Auditorium_Capacity : 7, Floor_Meeting_Room_Capacity : 15 
 2026-05-08 14:21:07,053 | DEBUG | src.router.floor | Creating floor at workspace with workspace_id : 28b4b4ce-438f-4503-80da-f7b6e14de579, Floor_Auditorium_Capacity : 7, Floor_Meeting_Room_Capacity : 15 
 2026-05-08 14:21:50,649 | INFO | main | Admin Already Exists!!! 
 2026-05-08 14:22:02,834 | INFO | src.repository.user | Fetching User with email : hamza@example.com 
 2026-05-08 14:22:15,182 | INFO | src.router.workspace | Getting all workspaces 
 2026-05-08 14:22:55,075 | INFO | src.repository.user | Fetching User with email : amoghshukla1616@gmail.com 
 2026-05-08 14:23:02,386 | INFO | src.router.floor | Creating floor at workspace with workspace_id : 28b4b4ce-438f-4503-80da-f7b6e14de579, Floor_Auditorium_Capacity : 10, Floor_Meeting_Room_Capacity : 15 
 2026-05-08 14:23:53,933 | DEBUG | src.router.floor | Creating floor at workspace with workspace_id : 28b4b4ce-438f-4503-80da-f7b6e14de579, Floor_Auditorium_Capacity : 10, Floor_Meeting_Room_Capacity : 15 
 2026-05-08 14:24:13,487 | INFO | main | Admin Already Exists!!! 
 2026-05-08 14:24:17,154 | INFO | main | Admin Already Exists!!! 
 2026-05-08 14:24:17,219 | INFO | src.router.floor | Creating floor at workspace with workspace_id : 28b4b4ce-438f-4503-80da-f7b6e14de579, Floor_Auditorium_Capacity : 10, Floor_Meeting_Room_Capacity : 15 
 2026-05-08 14:26:32,937 | INFO | src.router.resource | Creating resource with Payload : resource_type=<ResourceType.MEETING_ROOM: 'MEETING_ROOM'> total_resource_capacity=15 requires_approval=True price_per_booking=750 open_time=datetime.time(7, 30) close_time=datetime.time(22, 30) floor_id=UUID('4ede2f37-f350-4d8c-88fa-5ab3e11bfbf9') 
 2026-05-08 14:27:07,273 | INFO | src.router.resource | Creating resource with Payload : resource_type=<ResourceType.MEETING_ROOM: 'MEETING_ROOM'> total_resource_capacity=15 requires_approval=True price_per_booking=750 open_time=datetime.time(7, 30) close_time=datetime.time(22, 30) floor_id=UUID('4ede2f37-f350-4d8c-88fa-5ab3e11bfbf9') 
 2026-05-08 14:27:21,341 | INFO | src.router.resource | Creating resource with Payload : resource_type=<ResourceType.MEETING_ROOM: 'MEETING_ROOM'> total_resource_capacity=15 requires_approval=True price_per_booking=500 open_time=datetime.time(7, 30) close_time=datetime.time(22, 30) floor_id=UUID('4ede2f37-f350-4d8c-88fa-5ab3e11bfbf9') 
 2026-05-08 14:27:39,610 | INFO | src.router.resource | Fetching the resources 
 2026-05-08 14:28:08,189 | INFO | main | Admin Already Exists!!! 
 2026-05-08 14:28:14,511 | INFO | main | Admin Already Exists!!! 
 2026-05-08 14:28:17,894 | INFO | main | Admin Already Exists!!! 
 2026-05-08 14:28:30,532 | INFO | src.repository.user | Fetching User with email : amoghshukla1616@gmail.com 
 2026-05-08 14:28:37,164 | INFO | src.router.resource | Fetching the resources 
 2026-05-08 14:29:50,553 | DEBUG | src.schema.booking | Your Booking duration can't be less than 30 mins 
 2026-05-08 14:30:02,029 | INFO | src.router.booking | Creating booking with Payload : start_time=datetime.datetime(2026, 5, 9, 10, 30) end_time=datetime.datetime(2026, 5, 9, 11, 30) 
 2026-05-08 14:30:02,030 | INFO | src.service.booking | Creating Booking with Payload start_time=datetime.datetime(2026, 5, 9, 10, 30) end_time=datetime.datetime(2026, 5, 9, 11, 30) 
 2026-05-08 14:31:08,319 | INFO | main | Admin Already Exists!!! 
 2026-05-08 14:31:19,117 | INFO | src.router.booking | Creating booking with Payload : start_time=datetime.datetime(2026, 5, 9, 10, 30) end_time=datetime.datetime(2026, 5, 9, 11, 30) 
 2026-05-08 14:31:19,118 | INFO | src.service.booking | Creating Booking with Payload start_time=datetime.datetime(2026, 5, 9, 10, 30) end_time=datetime.datetime(2026, 5, 9, 11, 30) 
 2026-05-08 14:31:36,116 | INFO | src.router.booking | Approving Booking with Booking ID : cf1f3a03-1c52-4fe8-b9ed-c77139096f8b 
 2026-05-08 14:31:36,121 | ERROR | src.router.booking | Error while approving the booking with booking id cf1f3a03-1c52-4fe8-b9ed-c77139096f8b 
 2026-05-08 14:32:35,701 | INFO | main | Admin Already Exists!!! 
 2026-05-08 14:32:40,649 | INFO | main | Admin Already Exists!!! 
 2026-05-08 14:33:17,067 | INFO | main | Admin Already Exists!!! 
 2026-05-08 14:33:23,834 | INFO | main | Admin Already Exists!!! 
 2026-05-08 14:33:28,074 | INFO | main | Admin Already Exists!!! 
 2026-05-08 14:33:31,495 | INFO | main | Admin Already Exists!!! 
 2026-05-08 14:33:38,539 | INFO | main | Admin Already Exists!!! 
 2026-05-08 14:33:47,603 | INFO | src.repository.user | Fetching User with email : amoghshukla1616@gmail.com 
 2026-05-08 14:34:20,076 | INFO | main | Admin Already Exists!!! 
 2026-05-08 14:34:23,466 | INFO | main | Admin Already Exists!!! 
 2026-05-08 14:35:04,524 | INFO | main | Admin Already Exists!!! 
 2026-05-08 14:35:13,411 | INFO | main | Admin Already Exists!!! 
 2026-05-08 14:35:18,106 | INFO | main | Admin Already Exists!!! 
 2026-05-08 14:35:21,652 | INFO | main | Admin Already Exists!!! 
 2026-05-08 14:35:40,639 | INFO | main | Admin Already Exists!!! 
 2026-05-08 14:35:43,877 | INFO | main | Admin Already Exists!!! 
 2026-05-08 14:36:50,253 | INFO | main | Admin Already Exists!!! 
 2026-05-08 14:38:09,378 | INFO | main | Admin Already Exists!!! 
 2026-05-08 14:38:24,440 | INFO | src.repository.user | Fetching User with email : amoghshukla1616@gmail.com 
 2026-05-08 14:39:34,496 | INFO | main | Admin Already Exists!!! 
 2026-05-08 14:39:45,095 | INFO | src.repository.user | Fetching User with email : amoghshukla1616@gmail.com 
 2026-05-08 14:42:01,076 | INFO | main | Admin Already Exists!!! 
 2026-05-08 14:42:08,649 | INFO | main | Admin Already Exists!!! 
 2026-05-08 14:42:14,273 | INFO | main | Admin Already Exists!!! 
 2026-05-08 14:43:43,224 | INFO | main | Admin Already Exists!!! 
 2026-05-08 14:43:47,349 | INFO | main | Admin Already Exists!!! 
 2026-05-08 14:43:50,777 | INFO | main | Admin Already Exists!!! 
 2026-05-08 14:43:53,926 | INFO | main | Admin Already Exists!!! 
 2026-05-08 14:44:20,811 | INFO | main | Admin Already Exists!!! 
 2026-05-08 14:44:57,007 | INFO | main | Admin Already Exists!!! 
 2026-05-08 14:45:02,563 | INFO | main | Admin Already Exists!!! 
 2026-05-08 14:45:06,313 | INFO | main | Admin Already Exists!!! 
 2026-05-08 14:45:19,454 | INFO | main | Admin Already Exists!!! 
 2026-05-08 14:45:23,497 | INFO | main | Admin Already Exists!!! 
 2026-05-08 14:45:28,111 | INFO | main | Admin Already Exists!!! 
 2026-05-08 14:45:31,498 | INFO | main | Admin Already Exists!!! 
 2026-05-08 14:45:35,316 | INFO | main | Admin Already Exists!!! 
 2026-05-08 14:52:42,656 | INFO | main | Admin Already Exists!!! 
 2026-05-08 14:52:46,165 | INFO | main | Admin Already Exists!!! 
 2026-05-08 14:52:55,123 | INFO | main | Admin Already Exists!!! 
 2026-05-08 14:53:02,482 | INFO | main | Admin Already Exists!!! 
 2026-05-08 14:53:06,149 | INFO | main | Admin Already Exists!!! 
 2026-05-08 14:53:21,319 | INFO | main | Admin Already Exists!!! 
 2026-05-08 14:54:02,968 | INFO | main | Admin Already Exists!!! 
 2026-05-08 14:54:12,631 | INFO | main | Admin Already Exists!!! 
 2026-05-08 14:54:15,059 | INFO | main | Admin Already Exists!!! 
 2026-05-08 14:54:23,981 | INFO | main | Admin Already Exists!!! 
 2026-05-08 14:54:27,863 | INFO | main | Admin Already Exists!!! 
 2026-05-08 14:54:34,940 | INFO | main | Admin Already Exists!!! 
 2026-05-08 14:54:37,715 | INFO | main | Admin Already Exists!!! 
 2026-05-08 14:54:46,394 | INFO | main | Admin Already Exists!!! 
 2026-05-08 14:54:50,989 | INFO | main | Admin Already Exists!!! 
 2026-05-08 14:54:57,118 | INFO | main | Admin Already Exists!!! 
 2026-05-08 14:55:06,300 | INFO | main | Admin Already Exists!!! 
 2026-05-08 14:55:12,512 | INFO | main | Admin Already Exists!!! 
 2026-05-08 14:55:36,756 | INFO | main | Admin Already Exists!!! 
 2026-05-08 14:55:40,696 | INFO | main | Admin Already Exists!!! 
 2026-05-08 14:55:44,416 | INFO | main | Admin Already Exists!!! 
 2026-05-08 14:55:47,409 | INFO | main | Admin Already Exists!!! 
 2026-05-08 14:55:50,303 | INFO | main | Admin Already Exists!!! 
 2026-05-08 14:55:54,913 | INFO | main | Admin Already Exists!!! 
 2026-05-08 14:55:57,371 | INFO | main | Admin Already Exists!!! 
 2026-05-08 14:56:09,112 | INFO | main | Admin Already Exists!!! 
 2026-05-08 14:56:13,533 | INFO | main | Admin Already Exists!!! 
 2026-05-08 14:56:16,786 | INFO | main | Admin Already Exists!!! 
 2026-05-08 14:56:19,718 | INFO | main | Admin Already Exists!!! 
 2026-05-08 14:56:23,333 | INFO | main | Admin Already Exists!!! 
 2026-05-08 14:56:34,245 | INFO | main | Admin Already Exists!!! 
 2026-05-08 14:56:50,197 | INFO | main | Admin Already Exists!!! 
 2026-05-08 14:56:52,720 | INFO | main | Admin Already Exists!!! 
 2026-05-08 14:57:00,596 | INFO | main | Admin Already Exists!!! 
 2026-05-08 14:57:03,282 | INFO | main | Admin Already Exists!!! 
 2026-05-08 14:57:14,641 | INFO | main | Admin Already Exists!!! 
 2026-05-08 14:57:18,588 | INFO | main | Admin Already Exists!!! 
 2026-05-08 14:57:21,355 | INFO | main | Admin Already Exists!!! 
 2026-05-08 14:57:26,390 | INFO | main | Admin Already Exists!!! 
 2026-05-08 14:57:31,141 | INFO | main | Admin Already Exists!!! 
 2026-05-08 14:57:43,403 | INFO | main | Admin Already Exists!!! 
 2026-05-08 14:57:46,038 | INFO | main | Admin Already Exists!!! 
 2026-05-08 14:57:51,134 | INFO | main | Admin Already Exists!!! 
 2026-05-08 14:58:02,752 | INFO | main | Admin Already Exists!!! 
 2026-05-08 14:58:06,524 | INFO | main | Admin Already Exists!!! 
 2026-05-08 14:58:11,201 | INFO | main | Admin Already Exists!!! 
 2026-05-08 14:58:15,497 | INFO | main | Admin Already Exists!!! 
 2026-05-08 14:58:21,765 | INFO | main | Admin Already Exists!!! 
 2026-05-08 14:58:24,458 | INFO | main | Admin Already Exists!!! 
 2026-05-08 14:58:41,339 | INFO | main | Admin Already Exists!!! 
 2026-05-08 14:58:45,287 | INFO | main | Admin Already Exists!!! 
 2026-05-08 14:58:48,436 | INFO | main | Admin Already Exists!!! 
 2026-05-08 14:58:51,782 | INFO | main | Admin Already Exists!!! 
 2026-05-08 14:58:54,404 | INFO | main | Admin Already Exists!!! 
 2026-05-08 14:59:01,831 | INFO | main | Admin Already Exists!!! 
 2026-05-08 14:59:17,640 | INFO | main | Admin Already Exists!!! 
 2026-05-08 14:59:26,169 | INFO | main | Admin Already Exists!!! 
 2026-05-08 14:59:33,268 | INFO | main | Admin Already Exists!!! 
 2026-05-08 14:59:35,983 | INFO | main | Admin Already Exists!!! 
 2026-05-08 14:59:43,152 | INFO | main | Admin Already Exists!!! 
 2026-05-08 14:59:45,806 | INFO | main | Admin Already Exists!!! 
 2026-05-08 14:59:57,722 | INFO | main | Admin Already Exists!!! 
 2026-05-08 15:00:00,781 | INFO | main | Admin Already Exists!!! 
 2026-05-08 15:31:19,559 | INFO | main | Admin Already Exists!!! 
 2026-05-08 15:31:22,361 | INFO | main | Admin Already Exists!!! 
 2026-05-08 15:32:02,436 | INFO | main | Admin Already Exists!!! 
 2026-05-08 15:32:05,135 | INFO | main | Admin Already Exists!!! 
 2026-05-08 15:32:25,393 | INFO | main | Admin Already Exists!!! 
 2026-05-08 15:32:28,376 | INFO | main | Admin Already Exists!!! 
 2026-05-08 15:32:33,046 | INFO | main | Admin Already Exists!!! 
 2026-05-08 15:32:35,900 | INFO | main | Admin Already Exists!!! 
 2026-05-08 15:33:01,065 | INFO | main | Admin Already Exists!!! 
 2026-05-08 15:33:04,053 | INFO | main | Admin Already Exists!!! 
 2026-05-08 15:33:06,955 | INFO | main | Admin Already Exists!!! 
 2026-05-08 15:33:20,096 | INFO | main | Admin Already Exists!!! 
 2026-05-08 15:33:25,921 | INFO | main | Admin Already Exists!!! 
 2026-05-08 15:33:29,408 | INFO | main | Admin Already Exists!!! 
 2026-05-08 15:33:38,925 | INFO | main | Admin Already Exists!!! 
 2026-05-08 15:33:42,508 | INFO | main | Admin Already Exists!!! 
 2026-05-08 15:33:53,249 | INFO | main | Admin Already Exists!!! 
 2026-05-08 15:34:01,382 | INFO | main | Admin Already Exists!!! 
 2026-05-08 15:34:05,765 | INFO | main | Admin Already Exists!!! 
 2026-05-08 15:34:10,492 | INFO | main | Admin Already Exists!!! 
 2026-05-08 15:34:13,899 | INFO | main | Admin Already Exists!!! 
 2026-05-08 15:34:18,801 | INFO | main | Admin Already Exists!!! 
 2026-05-08 15:34:22,261 | INFO | main | Admin Already Exists!!! 
 2026-05-08 15:34:25,651 | INFO | main | Admin Already Exists!!! 
 2026-05-08 15:34:28,366 | INFO | main | Admin Already Exists!!! 
 2026-05-08 15:34:40,240 | INFO | main | Admin Already Exists!!! 
 2026-05-08 15:34:43,470 | INFO | main | Admin Already Exists!!! 
